<?xml version="1.0" encoding="utf-8"?><testsuites name="pytest tests"><testsuite name="pytest" errors="0" failures="0" skipped="0" tests="5" time="2.347" timestamp="2026-04-28T09:03:40.909691+00:00" hostname="agent-env-264a7bed-6159-4364-8a22-f7ed87bc8d53"><testcase classname="backend.tests.test_iter21_funnel_user_delete.TestConstantsStages" name="test_stages_is_exact_8_list" time="0.523" /><testcase classname="backend.tests.test_iter21_funnel_user_delete.TestDeleteUser" name="test_super_admin_delete_other_user_succeeds" time="0.425" /><testcase classname="backend.tests.test_iter21_funnel_user_delete.TestDeleteUser" name="test_super_admin_cannot_delete_self" time="0.146" /><testcase classname="backend.tests.test_iter21_funnel_user_delete.TestDeleteUser" name="test_branch_admin_delete_returns_403" time="1.109" /><testcase classname="backend.tests.test_iter21_funnel_user_delete.TestZCleanup" name="test_cleanup_test_iter21_users" time="0.083" /></testsuite></testsuites>