<?xml version="1.0" encoding="utf-8"?><testsuites name="pytest tests"><testsuite name="pytest" errors="0" failures="0" skipped="0" tests="11" time="1.440" timestamp="2026-04-28T07:23:34.389276+00:00" hostname="agent-env-264a7bed-6159-4364-8a22-f7ed87bc8d53"><testcase classname="backend.tests.test_iter20_phase3.TestConstantsDocs" name="test_doc_types_has_bank_passbook" time="0.475" /><testcase classname="backend.tests.test_iter20_phase3.TestConstantsDocs" name="test_doc_requirements_finance_simplified" time="0.047" /><testcase classname="backend.tests.test_iter20_phase3.TestPutLeadCustomerType" name="test_put_invalid_customer_type_400" time="0.144" /><testcase classname="backend.tests.test_iter20_phase3.TestPutLeadCustomerType" name="test_put_valid_customer_type_change_persists" time="0.149" /><testcase classname="backend.tests.test_iter20_phase3.TestPutLeadCustomerType" name="test_put_empty_customer_type_stored_as_null" time="0.154" /><testcase classname="backend.tests.test_iter20_phase3.TestRegressionIter19" name="test_constants_customer_types_unchanged" time="0.045" /><testcase classname="backend.tests.test_iter20_phase3.TestRegressionIter19" name="test_post_just_inquiry_routes_to_followup" time="0.051" /><testcase classname="backend.tests.test_iter20_phase3.TestRegressionIter19" name="test_post_instant_buyer_routes_to_inquiry" time="0.054" /><testcase classname="backend.tests.test_iter20_phase3.TestRegressionIter19" name="test_post_token_finance_buyer_routes_to_inquiry" time="0.051" /><testcase classname="backend.tests.test_iter20_phase3.TestRegressionIter19" name="test_post_invalid_customer_type_400" time="0.048" /><testcase classname="backend.tests.test_iter20_phase3.TestZCleanup" name="test_cleanup_test_iter20_leads" time="0.132" /></testsuite></testsuites>