<?xml version="1.0" encoding="utf-8"?><testsuites name="pytest tests"><testsuite name="pytest" errors="0" failures="0" skipped="0" tests="10" time="3.646" timestamp="2026-05-06T09:03:54.627633+00:00" hostname="agent-env-264a7bed-6159-4364-8a22-f7ed87bc8d53"><testcase classname="backend.tests.test_iter24_edit_delete_lead.TestEditLeadStage" name="test_invalid_stage_returns_400" time="0.685" /><testcase classname="backend.tests.test_iter24_edit_delete_lead.TestEditLeadStage" name="test_super_admin_can_override_stage" time="0.213" /><testcase classname="backend.tests.test_iter24_edit_delete_lead.TestEditLeadStage" name="test_sales_executive_stage_override_forbidden" time="0.745" /><testcase classname="backend.tests.test_iter24_edit_delete_lead.TestEditLeadStage" name="test_edit_name_phone_happy_path" time="0.151" /><testcase classname="backend.tests.test_iter24_edit_delete_lead.TestDeleteLeadCascade" name="test_sales_executive_delete_forbidden" time="0.149" /><testcase classname="backend.tests.test_iter24_edit_delete_lead.TestDeleteLeadCascade" name="test_admin_cannot_delete_outside_branch" time="0.776" /><testcase classname="backend.tests.test_iter24_edit_delete_lead.TestDeleteLeadCascade" name="test_super_admin_cascade_delete_full" time="0.289" /><testcase classname="backend.tests.test_iter24_edit_delete_lead.TestDeleteLeadCascade" name="test_delete_nonexistent_lead_returns_404" time="0.046" /><testcase classname="backend.tests.test_iter24_edit_delete_lead.TestRegression" name="test_superadmin_login_unchanged" time="0.326" /><testcase classname="backend.tests.test_iter24_edit_delete_lead.TestRegression" name="test_create_lead_still_works" time="0.203" /></testsuite></testsuites>