<?xml version="1.0" encoding="utf-8"?><testsuites name="pytest tests"><testsuite name="pytest" errors="0" failures="0" skipped="0" tests="6" time="5.382" timestamp="2026-06-19T13:00:31.819657+00:00" hostname="agent-env-6cab0b4b-3238-40ec-8230-9972d2eea59c"><testcase classname="backend.tests.test_iter25_reports_allotment" name="test_leads_created_at_present_and_sorted_newest_first" time="0.661" /><testcase classname="backend.tests.test_iter25_reports_allotment" name="test_bookings_list_shape" time="0.108" /><testcase classname="backend.tests.test_iter25_reports_allotment" name="test_allotment_optional_fields[empty-payload0]" time="1.258" /><testcase classname="backend.tests.test_iter25_reports_allotment" name="test_allotment_optional_fields[chassis_only-payload1]" time="1.047" /><testcase classname="backend.tests.test_iter25_reports_allotment" name="test_allotment_optional_fields[engine_only-payload2]" time="1.024" /><testcase classname="backend.tests.test_iter25_reports_allotment" name="test_allotment_optional_fields[both-payload3]" time="1.110" /></testsuite></testsuites>