<?xml version="1.0" encoding="utf-8"?><testsuites name="pytest tests"><testsuite name="pytest" errors="0" failures="0" skipped="0" tests="5" time="1.338" timestamp="2026-04-28T09:27:17.839682+00:00" hostname="agent-env-264a7bed-6159-4364-8a22-f7ed87bc8d53"><testcase classname="backend.tests.test_iter22_wa_in_followup.TestConstantsFollowupTypes" name="test_followup_types_contains_expected" time="0.536" /><testcase classname="backend.tests.test_iter22_wa_in_followup.TestFollowupCall" name="test_post_call_followup_persists_and_returns" time="0.206" /><testcase classname="backend.tests.test_iter22_wa_in_followup.TestFollowupWhatsApp" name="test_post_whatsapp_followup_persists_and_returns" time="0.203" /><testcase classname="backend.tests.test_iter22_wa_in_followup.TestWaMessagesEndpoints" name="test_wa_messages_get_initial_empty_then_post_then_get_present" time="0.256" /><testcase classname="backend.tests.test_iter22_wa_in_followup.TestZCleanup" name="test_cleanup_iter22" time="0.079" /></testsuite></testsuites>