<?xml version="1.0" encoding="utf-8"?><testsuites name="pytest tests"><testsuite name="pytest" errors="0" failures="0" skipped="0" tests="13" time="6.839" timestamp="2026-04-20T12:25:42.842617+00:00" hostname="agent-env-566755ec-d912-485f-abc3-0944dcd7f7f0"><testcase classname="backend.tests.test_modules_3_4.TestConstants" name="test_constants_new_keys" time="0.570" /><testcase classname="backend.tests.test_modules_3_4.TestFollowups" name="test_followup_requires_notes_and_scheduled_date" time="0.879" /><testcase classname="backend.tests.test_modules_3_4.TestFollowups" name="test_followup_saves_new_fields_and_updates_priority" time="0.382" /><testcase classname="backend.tests.test_modules_3_4.TestFollowups" name="test_followup_rapid_duplicate_returns_429" time="0.329" /><testcase classname="backend.tests.test_modules_3_4.TestTasks" name="test_tasks_today_and_upcoming" time="0.305" /><testcase classname="backend.tests.test_modules_3_4.TestStageValidation" name="test_deal_requires_connected_followup" time="0.593" /><testcase classname="backend.tests.test_modules_3_4.TestStageValidation" name="test_booking_requires_final_price_and_approval" time="1.418" /><testcase classname="backend.tests.test_modules_3_4.TestApprovalAndNegotiations" name="test_request_approval_and_rbac" time="0.579" /><testcase classname="backend.tests.test_modules_3_4.TestApprovalAndNegotiations" name="test_negotiation_history_logged" time="0.458" /><testcase classname="backend.tests.test_modules_3_4.TestAnalytics" name="test_summary_new_keys" time="0.124" /><testcase classname="backend.tests.test_modules_3_4.TestAnalytics" name="test_performance_admin_only" time="0.259" /><testcase classname="backend.tests.test_modules_3_4.TestAnalytics" name="test_deals_analytics" time="0.101" /><testcase classname="backend.tests.test_modules_3_4.TestNegotiationRBAC" name="test_other_sales_blocked" time="0.672" /></testsuite></testsuites>