<?xml version="1.0" encoding="utf-8"?><testsuites name="pytest tests"><testsuite name="pytest" errors="0" failures="0" skipped="0" tests="19" time="23.016" timestamp="2026-04-28T05:30:39.394199+00:00" hostname="agent-env-264a7bed-6159-4364-8a22-f7ed87bc8d53"><testcase classname="backend.tests.test_iter18_simplification.TestConstants" name="test_constants_have_9_new_stages" time="0.514" /><testcase classname="backend.tests.test_iter18_simplification.TestMigrateStages" name="test_migrate_stages_super_admin" time="0.095" /><testcase classname="backend.tests.test_iter18_simplification.TestLeadMinimal" name="test_create_lead_only_name_phone" time="0.148" /><testcase classname="backend.tests.test_iter18_simplification.TestLeadMinimal" name="test_min_lead_persisted" time="0.049" /><testcase classname="backend.tests.test_iter18_simplification.TestStageKYCGate" name="test_test_ride_blocked_without_aadhaar" time="0.050" /><testcase classname="backend.tests.test_iter18_simplification.TestExchangePhotosNewBuckets" name="test_pan_stored_in_identity_docs" time="19.522" /><testcase classname="backend.tests.test_iter18_simplification.TestExchangePhotosNewBuckets" name="test_aadhaar_upload_then_test_ride_succeeds" time="0.257" /><testcase classname="backend.tests.test_iter18_simplification.TestExchangePhotosNewBuckets" name="test_rc_stored_in_exchange_documents" time="0.218" /><testcase classname="backend.tests.test_iter18_simplification.TestExchangePhotosNewBuckets" name="test_legacy_aadhaar_back_accepted" time="0.145" /><testcase classname="backend.tests.test_iter18_simplification.TestInventoryCRUD" name="test_create_chassis" time="0.072" /><testcase classname="backend.tests.test_iter18_simplification.TestInventoryCRUD" name="test_duplicate_chassis_rejected" time="0.045" /><testcase classname="backend.tests.test_iter18_simplification.TestInventoryCRUD" name="test_list_inventory_with_filters" time="0.048" /><testcase classname="backend.tests.test_iter18_simplification.TestInventoryCRUD" name="test_delete_available" time="0.100" /><testcase classname="backend.tests.test_iter18_simplification.TestInventoryUpload" name="test_upload_csv_then_reupload" time="0.097" /><testcase classname="backend.tests.test_iter18_simplification.TestBookingFlows" name="test_booking_token_sets_booking_hold" time="0.416" /><testcase classname="backend.tests.test_iter18_simplification.TestBookingFlows" name="test_chassis_double_booking_rejected" time="0.248" /><testcase classname="backend.tests.test_iter18_simplification.TestBookingFlows" name="test_booking_full_payment_sets_booking" time="0.343" /><testcase classname="backend.tests.test_iter18_simplification.TestBookingFlows" name="test_delete_booked_inventory_rejected" time="0.046" /><testcase classname="backend.tests.test_iter18_simplification.TestZCleanup" name="test_cleanup" time="0.538" /></testsuite></testsuites>