<?xml version="1.0" encoding="utf-8"?><testsuites name="pytest tests"><testsuite name="pytest" errors="0" failures="0" skipped="0" tests="37" time="50.869" timestamp="2026-04-21T04:14:44.131431+00:00" hostname="agent-env-566755ec-d912-485f-abc3-0944dcd7f7f0"><testcase classname="backend.tests.test_modules_7_8.TestConstants" name="test_constants_have_module7_8_keys" time="0.465" /><testcase classname="backend.tests.test_modules_7_8.TestDocUploadVersioning" name="test_invalid_doc_type_400" time="0.717" /><testcase classname="backend.tests.test_modules_7_8.TestDocUploadVersioning" name="test_cross_branch_403" time="0.558" /><testcase classname="backend.tests.test_modules_7_8.TestDocUploadVersioning" name="test_upload_creates_v1_and_reupload_supersedes" time="1.120" /><testcase classname="backend.tests.test_modules_7_8.TestMasking" name="test_aadhaar_and_pan_masked_on_read" time="3.594" /><testcase classname="backend.tests.test_modules_7_8.TestDocUpdate" name="test_sales_owner_can_edit_doc_number_and_extracted" time="0.522" /><testcase classname="backend.tests.test_modules_7_8.TestVerifyReject" name="test_sales_cannot_verify_admin_can" time="1.019" /><testcase classname="backend.tests.test_modules_7_8.TestVerifyReject" name="test_reject_requires_reason_and_admin_only" time="0.785" /><testcase classname="backend.tests.test_modules_7_8.TestDuplicates" name="test_duplicates_returns_other_lead_docs_same_number" time="0.923" /><testcase classname="backend.tests.test_modules_7_8.TestOCR" name="test_ocr_endpoint_wiring" time="4.798" /><testcase classname="backend.tests.test_modules_7_8.TestRegistrationStageStrict" name="test_registration_requires_all_4_verified_docs" time="3.432" /><testcase classname="backend.tests.test_modules_7_8.TestDeliveryCreate" name="test_requires_confirmed_and_allotted" time="0.232" /><testcase classname="backend.tests.test_modules_7_8.TestDeliveryCreate" name="test_cross_branch_403" time="0.744" /><testcase classname="backend.tests.test_modules_7_8.TestDeliveryCreate" name="test_create_success_and_whatsapp_log" time="0.904" /><testcase classname="backend.tests.test_modules_7_8.TestDeliveryFlow" name="test_put_delivery_updates_checklist_accessories" time="0.850" /><testcase classname="backend.tests.test_modules_7_8.TestDeliveryFlow" name="test_otp_generate_and_verify_flow" time="1.884" /><testcase classname="backend.tests.test_modules_7_8.TestDeliveryFlow" name="test_complete_validations_and_success" time="3.271" /><testcase classname="backend.tests.test_modules_7_8.TestChallanAndWhatsappLogs" name="test_challan_returns_html" time="0.908" /><testcase classname="backend.tests.test_modules_7_8.TestChallanAndWhatsappLogs" name="test_whatsapp_logs_have_sort_and_fields" time="0.873" /><testcase classname="backend.tests.test_modules_5_6.TestConstants" name="test_constants_include_module_5_6_keys" time="0.427" /><testcase classname="backend.tests.test_modules_5_6.TestBookingCreateValidation" name="test_400_without_final_deal_price" time="1.229" /><testcase classname="backend.tests.test_modules_5_6.TestBookingCreateValidation" name="test_400_amount_exceeds_final" time="0.336" /><testcase classname="backend.tests.test_modules_5_6.TestBookingCreateValidation" name="test_400_delivery_before_booking" time="0.359" /><testcase classname="backend.tests.test_modules_5_6.TestBookingCreateAndGet" name="test_create_success_auto_advances_and_timeline" time="0.670" /><testcase classname="backend.tests.test_modules_5_6.TestBookingCreateAndGet" name="test_duplicate_booking_rejected" time="0.424" /><testcase classname="backend.tests.test_modules_5_6.TestBookingRBACAndUpdate" name="test_cross_branch_sales_gets_403_on_get" time="0.772" /><testcase classname="backend.tests.test_modules_5_6.TestBookingRBACAndUpdate" name="test_admin_can_change_booking_date_and_status_sales_cannot" time="0.919" /><testcase classname="backend.tests.test_modules_5_6.TestBookingRBACAndUpdate" name="test_put_validates_amount_and_delivery_dates" time="0.536" /><testcase classname="backend.tests.test_modules_5_6.TestPayments" name="test_payment_validations_and_persistence" time="0.865" /><testcase classname="backend.tests.test_modules_5_6.TestConfirm" name="test_confirm_blocked_until_booking_amount_paid" time="0.932" /><testcase classname="backend.tests.test_modules_5_6.TestCancel" name="test_cancel_rbac" time="0.596" /><testcase classname="backend.tests.test_modules_5_6.TestAllotment" name="test_allotment_requires_confirmed" time="0.454" /><testcase classname="backend.tests.test_modules_5_6.TestAllotment" name="test_allotment_success_advances_stage_and_duplicates_rejected" time="1.123" /><testcase classname="backend.tests.test_modules_5_6.TestAllotment" name="test_chassis_unique_across_system_case_insensitive" time="1.387" /><testcase classname="backend.tests.test_modules_5_6.TestAllotmentUpdate" name="test_put_allotment_admin_only_and_status_validation" time="11.786" /><testcase classname="backend.tests.test_modules_5_6.TestRegression" name="test_auth_me_and_leads_list" time="0.253" /><testcase classname="backend.tests.test_modules_5_6.TestRegression" name="test_analytics_summary_still_works" time="0.108" /></testsuite></testsuites>