<?xml version="1.0" encoding="utf-8"?><testsuites name="pytest tests"><testsuite name="pytest" errors="0" failures="0" skipped="0" tests="39" time="90.191" timestamp="2026-04-21T04:43:08.495515+00:00" hostname="agent-env-566755ec-d912-485f-abc3-0944dcd7f7f0"><testcase classname="backend.tests.test_modules_9_10.TestConstants" name="test_constants_have_m910_keys" time="0.478" /><testcase classname="backend.tests.test_modules_9_10.TestPayments" name="test_invalid_payment_type_400" time="0.980" /><testcase classname="backend.tests.test_modules_9_10.TestPayments" name="test_valid_payment_types_accepted" time="0.793" /><testcase classname="backend.tests.test_modules_9_10.TestPayments" name="test_payment_status_auto_computes" time="20.732" /><testcase classname="backend.tests.test_modules_9_10.TestPaymentSummary" name="test_by_type_sums_correctly" time="0.881" /><testcase classname="backend.tests.test_modules_9_10.TestPaymentSummary" name="test_margin_alert_today_no_margin" time="1.427" /><testcase classname="backend.tests.test_modules_9_10.TestReceipt" name="test_receipt_bearer_and_query_auth" time="0.737" /><testcase classname="backend.tests.test_modules_9_10.TestReceipt" name="test_receipt_requires_auth" time="0.687" /><testcase classname="backend.tests.test_modules_9_10.TestFinanceCase" name="test_create_get_and_duplicate" time="0.736" /><testcase classname="backend.tests.test_modules_9_10.TestFinanceCase" name="test_sales_cannot_approve_reject_admin_can" time="1.086" /><testcase classname="backend.tests.test_modules_9_10.TestFinanceCase" name="test_downpayment_recomputes_loan_and_received_toggle" time="0.728" /><testcase classname="backend.tests.test_modules_9_10.TestDeliveryFinancePath" name="test_complete_fails_when_pending_and_no_finance" time="17.821" /><testcase classname="backend.tests.test_modules_9_10.TestDeliveryFinancePath" name="test_complete_fails_when_approved_but_no_downpayment" time="9.951" /><testcase classname="backend.tests.test_modules_9_10.TestDeliveryFinancePath" name="test_complete_succeeds_with_finance_approved_and_dp_received" time="3.547" /><testcase classname="backend.tests.test_modules_9_10.TestExchangeRecompute" name="test_put_lead_exchange_final_value_recomputes_booking" time="0.955" /><testcase classname="backend.tests.test_modules_9_10.TestExchangeValuations" name="test_400_when_not_exchange_purchase_type" time="0.197" /><testcase classname="backend.tests.test_modules_9_10.TestExchangeValuations" name="test_create_broker_updates_lead_and_list_desc" time="0.776" /><testcase classname="backend.tests.test_modules_9_10.TestExchangePhotos" name="test_upload_appends_file_id" time="1.089" /><testcase classname="backend.tests.test_modules_9_10.TestRBAC" name="test_sales_cross_branch_cannot_create_finance_case" time="0.927" /><testcase classname="backend.tests.test_modules_9_10.TestRBAC" name="test_sales_cross_branch_cannot_add_valuation" time="0.290" /><testcase classname="backend.tests.test_modules_7_8.TestConstants" name="test_constants_have_module7_8_keys" time="0.428" /><testcase classname="backend.tests.test_modules_7_8.TestDocUploadVersioning" name="test_invalid_doc_type_400" time="0.659" /><testcase classname="backend.tests.test_modules_7_8.TestDocUploadVersioning" name="test_cross_branch_403" time="0.550" /><testcase classname="backend.tests.test_modules_7_8.TestDocUploadVersioning" name="test_upload_creates_v1_and_reupload_supersedes" time="1.077" /><testcase classname="backend.tests.test_modules_7_8.TestMasking" name="test_aadhaar_and_pan_masked_on_read" time="0.919" /><testcase classname="backend.tests.test_modules_7_8.TestDocUpdate" name="test_sales_owner_can_edit_doc_number_and_extracted" time="0.489" /><testcase classname="backend.tests.test_modules_7_8.TestVerifyReject" name="test_sales_cannot_verify_admin_can" time="1.114" /><testcase classname="backend.tests.test_modules_7_8.TestVerifyReject" name="test_reject_requires_reason_and_admin_only" time="0.907" /><testcase classname="backend.tests.test_modules_7_8.TestDuplicates" name="test_duplicates_returns_other_lead_docs_same_number" time="0.964" /><testcase classname="backend.tests.test_modules_7_8.TestOCR" name="test_ocr_endpoint_wiring" time="4.859" /><testcase classname="backend.tests.test_modules_7_8.TestRegistrationStageStrict" name="test_registration_requires_all_4_verified_docs" time="3.898" /><testcase classname="backend.tests.test_modules_7_8.TestDeliveryCreate" name="test_requires_confirmed_and_allotted" time="0.197" /><testcase classname="backend.tests.test_modules_7_8.TestDeliveryCreate" name="test_cross_branch_403" time="0.736" /><testcase classname="backend.tests.test_modules_7_8.TestDeliveryCreate" name="test_create_success_and_whatsapp_log" time="0.827" /><testcase classname="backend.tests.test_modules_7_8.TestDeliveryFlow" name="test_put_delivery_updates_checklist_accessories" time="0.844" /><testcase classname="backend.tests.test_modules_7_8.TestDeliveryFlow" name="test_otp_generate_and_verify_flow" time="1.850" /><testcase classname="backend.tests.test_modules_7_8.TestDeliveryFlow" name="test_complete_validations_and_success" time="3.288" /><testcase classname="backend.tests.test_modules_7_8.TestChallanAndWhatsappLogs" name="test_challan_returns_html" time="0.839" /><testcase classname="backend.tests.test_modules_7_8.TestChallanAndWhatsappLogs" name="test_whatsapp_logs_have_sort_and_fields" time="0.833" /></testsuite></testsuites>