<?xml version="1.0" encoding="utf-8"?><testsuites name="pytest tests"><testsuite name="pytest" errors="0" failures="0" skipped="0" tests="14" time="10.524" timestamp="2026-04-22T12:05:55.187251+00:00" hostname="agent-env-264a7bed-6159-4364-8a22-f7ed87bc8d53"><testcase classname="backend.tests.test_iter17_purge.TestPurgeStateVerification" name="test_users_only_super_admin" time="0.500" /><testcase classname="backend.tests.test_iter17_purge.TestPurgeStateVerification" name="test_no_leads" time="0.115" /><testcase classname="backend.tests.test_iter17_purge.TestPurgeStateVerification" name="test_branches_preserved" time="0.119" /><testcase classname="backend.tests.test_iter17_purge.TestPurgeStateVerification" name="test_settings_preserved" time="0.215" /><testcase classname="backend.tests.test_iter17_purge.TestPurgeStateVerification" name="test_demo_users_cannot_login[admin@dealer.com]" time="0.101" /><testcase classname="backend.tests.test_iter17_purge.TestPurgeStateVerification" name="test_demo_users_cannot_login[sales1@dealer.com]" time="0.102" /><testcase classname="backend.tests.test_iter17_purge.TestPurgeStateVerification" name="test_demo_users_cannot_login[sales2@dealer.com]" time="0.118" /><testcase classname="backend.tests.test_iter17_purge.TestPurgeStateVerification" name="test_demo_users_cannot_login[sales3@dealer.com]" time="0.144" /><testcase classname="backend.tests.test_iter17_purge.TestPurgeStateVerification" name="test_demo_users_cannot_login[sales4@dealer.com]" time="0.120" /><testcase classname="backend.tests.test_iter17_purge.TestPurgeGuards" name="test_purge_requires_confirm" time="0.103" /><testcase classname="backend.tests.test_iter17_purge.TestPurgeGuards" name="test_purge_wrong_confirm" time="0.107" /><testcase classname="backend.tests.test_iter17_purge.TestPurgeGuards" name="test_purge_unauthenticated" time="0.189" /><testcase classname="backend.tests.test_iter17_purge.TestDocumentsGalleryPrerequisites" name="test_exchange_lead_all_6_uploads" time="7.581" /><testcase classname="backend.tests.test_iter17_purge.TestDocumentsGalleryPrerequisites" name="test_new_purchase_lead_partial_uploads" time="0.925" /></testsuite></testsuites>