<?xml version="1.0" encoding="utf-8"?><testsuites name="pytest tests"><testsuite name="pytest" errors="0" failures="0" skipped="0" tests="19" time="63.923" timestamp="2026-04-21T06:04:13.703805+00:00" hostname="agent-env-566755ec-d912-485f-abc3-0944dcd7f7f0"><testcase classname="backend.tests.test_modules_13_14.TestUsersExtendedFields" name="test_list_users_filters" time="0.650" /><testcase classname="backend.tests.test_modules_13_14.TestUsersExtendedFields" name="test_create_user_duplicate_phone_400" time="0.650" /><testcase classname="backend.tests.test_modules_13_14.TestUsersExtendedFields" name="test_create_user_reporting_manager_must_be_admin" time="0.212" /><testcase classname="backend.tests.test_modules_13_14.TestUsersExtendedFields" name="test_update_toggle_active_and_phone_uniqueness" time="1.091" /><testcase classname="backend.tests.test_modules_13_14.TestUsersExtendedFields" name="test_user_performance_counters" time="0.105" /><testcase classname="backend.tests.test_modules_13_14.TestUsersExtendedFields" name="test_user_performance_sales_executive_self_only" time="0.651" /><testcase classname="backend.tests.test_modules_13_14.TestBranchesCRUD" name="test_branch_duplicate_code_400" time="0.099" /><testcase classname="backend.tests.test_modules_13_14.TestBranchesCRUD" name="test_branch_assigned_admin_must_be_admin" time="0.107" /><testcase classname="backend.tests.test_modules_13_14.TestBranchesCRUD" name="test_branch_delete_blocked_when_linked" time="0.110" /><testcase classname="backend.tests.test_modules_13_14.TestBranchesCRUD" name="test_branch_performance" time="0.109" /><testcase classname="backend.tests.test_modules_13_14.TestBranchesCRUD" name="test_branches_compare_super_only" time="0.572" /><testcase classname="backend.tests.test_modules_13_14.TestBranchInactiveLogic" name="test_inactive_branch_blocks_login_and_allow_flag" time="1.114" /><testcase classname="backend.tests.test_modules_13_14.TestAuditLogs" name="test_login_audit_write" time="21.185" /><testcase classname="backend.tests.test_modules_13_14.TestAuditLogs" name="test_logout_audit_write" time="12.104" /><testcase classname="backend.tests.test_modules_13_14.TestAuditLogs" name="test_lead_and_followup_audit" time="4.286" /><testcase classname="backend.tests.test_modules_13_14.TestAuditLogs" name="test_admin_scoped_audit_logs" time="20.231" /><testcase classname="backend.tests.test_modules_13_14.TestAuditLogs" name="test_sales_executive_denied_audit" time="0.126" /><testcase classname="backend.tests.test_modules_13_14.TestAuditLogs" name="test_audit_filters" time="0.103" /><testcase classname="backend.tests.test_modules_13_14.TestPermissionsCatalog" name="test_permissions_modules" time="0.313" /></testsuite></testsuites>