<?xml version="1.0" encoding="utf-8"?><testsuites name="pytest tests"><testsuite name="pytest" errors="0" failures="0" skipped="0" tests="3" time="10.123" timestamp="2026-04-21T04:42:54.281893+00:00" hostname="agent-env-566755ec-d912-485f-abc3-0944dcd7f7f0"><testcase classname="backend.tests.test_modules_9_10.TestDeliveryFinancePath" name="test_complete_fails_when_pending_and_no_finance" time="4.000" /><testcase classname="backend.tests.test_modules_9_10.TestDeliveryFinancePath" name="test_complete_fails_when_approved_but_no_downpayment" time="2.742" /><testcase classname="backend.tests.test_modules_9_10.TestDeliveryFinancePath" name="test_complete_succeeds_with_finance_approved_and_dp_received" time="3.273" /></testsuite></testsuites>