<?xml version="1.0" encoding="utf-8"?><testsuites name="pytest tests"><testsuite name="pytest" errors="0" failures="0" skipped="0" tests="14" time="2.702" timestamp="2026-04-21T11:12:03.382106+00:00" hostname="agent-env-264a7bed-6159-4364-8a22-f7ed87bc8d53"><testcase classname="backend.tests.test_iter9_drilldown.TestBadgeAndPWA" name="test_index_html_no_emergent_badge" time="0.206" /><testcase classname="backend.tests.test_iter9_drilldown.TestBadgeAndPWA" name="test_manifest_served" time="0.112" /><testcase classname="backend.tests.test_iter9_drilldown.TestBadgeAndPWA" name="test_service_worker_served" time="0.100" /><testcase classname="backend.tests.test_iter9_drilldown.TestBranchDrilldown" name="test_list_branches_super_admin" time="0.573" /><testcase classname="backend.tests.test_iter9_drilldown.TestBranchDrilldown" name="test_get_branch_by_id" time="0.057" /><testcase classname="backend.tests.test_iter9_drilldown.TestBranchDrilldown" name="test_branch_performance_kpis" time="0.069" /><testcase classname="backend.tests.test_iter9_drilldown.TestBranchDrilldown" name="test_leads_filtered_by_branch" time="0.103" /><testcase classname="backend.tests.test_iter9_drilldown.TestBranchDrilldown" name="test_leads_filtered_by_stage_lost" time="0.054" /><testcase classname="backend.tests.test_iter9_drilldown.TestUserDrilldown" name="test_list_users" time="0.061" /><testcase classname="backend.tests.test_iter9_drilldown.TestUserDrilldown" name="test_user_performance_kpis" time="0.068" /><testcase classname="backend.tests.test_iter9_drilldown.TestRBACIsolation" name="test_admin_sees_only_own_branch" time="0.488" /><testcase classname="backend.tests.test_iter9_drilldown.TestRBACIsolation" name="test_admin_cross_branch_filter_bypass_denied" time="0.126" /><testcase classname="backend.tests.test_iter9_drilldown.TestRBACIsolation" name="test_super_admin_sees_all_leads" time="0.077" /><testcase classname="backend.tests.test_iter9_drilldown.TestRBACIsolation" name="test_sales_sees_only_own_leads" time="0.516" /></testsuite></testsuites>