<?xml version="1.0" encoding="utf-8"?><testsuites name="pytest tests"><testsuite name="pytest" errors="0" failures="0" skipped="0" tests="24" time="6.906" timestamp="2026-04-21T05:40:49.909071+00:00" hostname="agent-env-566755ec-d912-485f-abc3-0944dcd7f7f0"><testcase classname="backend.tests.test_modules_11_12.TestWATemplates" name="test_list_templates_any_role" time="0.506" /><testcase classname="backend.tests.test_modules_11_12.TestWATemplates" name="test_create_template_sales_forbidden" time="0.055" /><testcase classname="backend.tests.test_modules_11_12.TestWATemplates" name="test_create_template_admin_ok" time="0.456" /><testcase classname="backend.tests.test_modules_11_12.TestWATemplates" name="test_update_template" time="0.057" /><testcase classname="backend.tests.test_modules_11_12.TestWATemplates" name="test_delete_template_sales_forbidden" time="0.048" /><testcase classname="backend.tests.test_modules_11_12.TestAutomationRules" name="test_list_rules" time="0.047" /><testcase classname="backend.tests.test_modules_11_12.TestAutomationRules" name="test_create_rule_sales_forbidden" time="0.046" /><testcase classname="backend.tests.test_modules_11_12.TestAutomationRules" name="test_create_rule_admin_ok" time="0.046" /><testcase classname="backend.tests.test_modules_11_12.TestAutomationRules" name="test_toggle_rule_active" time="0.099" /><testcase classname="backend.tests.test_modules_11_12.TestAutomationEventTrigger" name="test_matching_lead_creates_outbound_message" time="1.543" /><testcase classname="backend.tests.test_modules_11_12.TestAutomationEventTrigger" name="test_non_matching_lead_creates_no_message" time="1.098" /><testcase classname="backend.tests.test_modules_11_12.TestManualSendGuards" name="test_manual_send_content" time="0.098" /><testcase classname="backend.tests.test_modules_11_12.TestManualSendGuards" name="test_duplicate_within_60s" time="0.094" /><testcase classname="backend.tests.test_modules_11_12.TestManualSendGuards" name="test_rate_limit_over_10_per_minute" time="0.631" /><testcase classname="backend.tests.test_modules_11_12.TestManualSendGuards" name="test_optout_blocks_send_and_toggle" time="0.334" /><testcase classname="backend.tests.test_modules_11_12.TestInboundAndRetry" name="test_inbound_persisted" time="0.152" /><testcase classname="backend.tests.test_modules_11_12.TestInboundAndRetry" name="test_chat_history_excludes_mongo_id" time="0.046" /><testcase classname="backend.tests.test_modules_11_12.TestInboundAndRetry" name="test_retry_increments_until_max" time="0.280" /><testcase classname="backend.tests.test_modules_11_12.TestCampaigns" name="test_sales_cannot_list_or_create" time="0.096" /><testcase classname="backend.tests.test_modules_11_12.TestCampaigns" name="test_admin_creates_campaign" time="0.045" /><testcase classname="backend.tests.test_modules_11_12.TestCampaigns" name="test_preview_returns_count_and_sample" time="0.048" /><testcase classname="backend.tests.test_modules_11_12.TestCampaigns" name="test_send_bulk_status_flow" time="0.442" /><testcase classname="backend.tests.test_modules_11_12.TestCampaigns" name="test_stats_counters_shape" time="0.047" /><testcase classname="backend.tests.test_modules_11_12.TestCampaigns" name="test_campaign_24h_dedupe" time="0.485" /></testsuite></testsuites>