<?xml version="1.0" encoding="utf-8"?><testsuites name="pytest tests"><testsuite name="pytest" errors="0" failures="1" skipped="0" tests="16" time="8.323" timestamp="2026-04-21T07:23:48.480771+00:00" hostname="agent-env-264a7bed-6159-4364-8a22-f7ed87bc8d53"><testcase classname="backend.tests.test_strict_funnel" name="test_constants_stages_include_allotment_in_order" time="0.234" /><testcase classname="backend.tests.test_strict_funnel" name="test_auth_super_login_returns_token_and_user" time="0.331" /><testcase classname="backend.tests.test_strict_funnel" name="test_followup_requires_vehicle" time="0.880" /><testcase classname="backend.tests.test_strict_funnel" name="test_followup_succeeds_with_vehicle" time="0.235" /><testcase classname="backend.tests.test_strict_funnel" name="test_interest_requires_connected_interested_followup" time="0.626"><failure message="AssertionError: {&quot;detail&quot;:&quot;Please wait 60s before logging another follow-up&quot;}&#10;assert 429 == 200&#10; +  where 429 = &lt;Response [429]&gt;.status_code">backend/tests/test_strict_funnel.py:136: in test_interest_requires_connected_interested_followup
    _add_followup(super_ctx, lid, connected=True, interested=True)
backend/tests/test_strict_funnel.py:99: in _add_followup
    assert r.status_code == 200, r.text
E   AssertionError: {"detail":"Please wait 60s before logging another follow-up"}
E   assert 429 == 200
E    +  where 429 = &lt;Response [429]&gt;.status_code</failure></testcase><testcase classname="backend.tests.test_strict_funnel" name="test_deal_requires_expected_price_and_connected" time="0.737" /><testcase classname="backend.tests.test_strict_funnel" name="test_deal_requires_connected_followup" time="0.328" /><testcase classname="backend.tests.test_strict_funnel" name="test_booking_requires_payment_mode_and_final_price" time="1.023" /><testcase classname="backend.tests.test_strict_funnel" name="test_allotment_requires_booking_with_amount" time="0.966" /><testcase classname="backend.tests.test_strict_funnel" name="test_delivery_requires_chassis" time="1.060" /><testcase classname="backend.tests.test_strict_funnel" name="test_registration_requires_full_payment" time="0.951" /><testcase classname="backend.tests.test_strict_funnel" name="test_lost_stage_requires_reason" time="0.335" /><testcase classname="backend.tests.test_strict_funnel" name="test_pwa_manifest_served" time="0.098" /><testcase classname="backend.tests.test_strict_funnel" name="test_pwa_service_worker_served" time="0.095" /><testcase classname="backend.tests.test_strict_funnel" name="test_pwa_icons_served" time="0.206" /><testcase classname="backend.tests.test_strict_funnel" name="test_index_has_manifest_and_theme_color" time="0.105" /></testsuite></testsuites>