<?xml version="1.0" encoding="utf-8"?><testsuites name="pytest tests"><testsuite name="pytest" errors="0" failures="0" skipped="0" tests="43" time="11.130" timestamp="2026-04-20T12:03:57.313348+00:00" hostname="agent-env-566755ec-d912-485f-abc3-0944dcd7f7f0"><testcase classname="backend.tests.backend_test.TestAuth" name="test_login_super" time="2.194" /><testcase classname="backend.tests.backend_test.TestAuth" name="test_login_admin" time="0.384" /><testcase classname="backend.tests.backend_test.TestAuth" name="test_login_sales" time="0.321" /><testcase classname="backend.tests.backend_test.TestAuth" name="test_login_invalid" time="0.375" /><testcase classname="backend.tests.backend_test.TestAuth" name="test_me_returns_user" time="0.103" /><testcase classname="backend.tests.backend_test.TestAuth" name="test_me_no_auth" time="0.136" /><testcase classname="backend.tests.backend_test.TestAuth" name="test_logout" time="0.104" /><testcase classname="backend.tests.backend_test.TestConstantsAndMaster" name="test_constants" time="0.111" /><testcase classname="backend.tests.backend_test.TestConstantsAndMaster" name="test_branches_requires_auth" time="0.103" /><testcase classname="backend.tests.backend_test.TestConstantsAndMaster" name="test_branches_auth" time="0.105" /><testcase classname="backend.tests.backend_test.TestConstantsAndMaster" name="test_brands" time="0.105" /><testcase classname="backend.tests.backend_test.TestConstantsAndMaster" name="test_colors" time="0.107" /><testcase classname="backend.tests.backend_test.TestConstantsAndMaster" name="test_models_filter" time="0.689" /><testcase classname="backend.tests.backend_test.TestConstantsAndMaster" name="test_variants_filter" time="0.103" /><testcase classname="backend.tests.backend_test.TestConstantsAndMaster" name="test_super_admin_can_create_and_delete_color" time="0.272" /><testcase classname="backend.tests.backend_test.TestConstantsAndMaster" name="test_admin_cannot_create_branch" time="0.118" /><testcase classname="backend.tests.backend_test.TestLeads" name="test_create_lead_round_robin" time="0.333" /><testcase classname="backend.tests.backend_test.TestLeads" name="test_create_lead_with_explicit_assignee" time="0.174" /><testcase classname="backend.tests.backend_test.TestLeads" name="test_list_leads_filters" time="0.325" /><testcase classname="backend.tests.backend_test.TestLeads" name="test_rbac_sales_sees_only_own" time="0.108" /><testcase classname="backend.tests.backend_test.TestLeads" name="test_rbac_admin_sees_only_branch" time="0.150" /><testcase classname="backend.tests.backend_test.TestLeads" name="test_rbac_sales_cannot_access_other_lead" time="0.212" /><testcase classname="backend.tests.backend_test.TestLeads" name="test_get_lead_super" time="0.104" /><testcase classname="backend.tests.backend_test.TestLeads" name="test_update_lead" time="0.123" /><testcase classname="backend.tests.backend_test.TestLeads" name="test_stage_deal_requires_prices" time="0.105" /><testcase classname="backend.tests.backend_test.TestLeads" name="test_stage_deal_success_after_prices" time="0.204" /><testcase classname="backend.tests.backend_test.TestLeads" name="test_stage_booking_requires_payment_mode" time="0.130" /><testcase classname="backend.tests.backend_test.TestLeads" name="test_stage_booking_success_with_payment_mode" time="0.202" /><testcase classname="backend.tests.backend_test.TestLeads" name="test_stage_registration_requires_document" time="0.148" /><testcase classname="backend.tests.backend_test.TestLeads" name="test_stage_lost_requires_reason" time="0.319" /><testcase classname="backend.tests.backend_test.TestLeads" name="test_admin_reassign_lead" time="0.107" /><testcase classname="backend.tests.backend_test.TestLeads" name="test_sales_exec_cannot_reassign" time="0.106" /><testcase classname="backend.tests.backend_test.TestLeads" name="test_add_followup_and_count" time="0.435" /><testcase classname="backend.tests.backend_test.TestLeads" name="test_followup_invalid_type" time="0.108" /><testcase classname="backend.tests.backend_test.TestLeads" name="test_timeline_has_events" time="0.113" /><testcase classname="backend.tests.backend_test.TestDocuments" name="test_upload_and_download_document" time="0.845" /><testcase classname="backend.tests.backend_test.TestDocuments" name="test_download_file_no_auth" time="0.113" /><testcase classname="backend.tests.backend_test.TestUsers" name="test_super_can_create_user" time="0.670" /><testcase classname="backend.tests.backend_test.TestUsers" name="test_admin_cannot_create_super_admin" time="0.099" /><testcase classname="backend.tests.backend_test.TestUsers" name="test_sales_cannot_list_all_users" time="0.106" /><testcase classname="backend.tests.backend_test.TestAnalytics" name="test_analytics_super" time="0.112" /><testcase classname="backend.tests.backend_test.TestAnalytics" name="test_analytics_admin_scope" time="0.114" /><testcase classname="backend.tests.backend_test.TestAnalytics" name="test_analytics_sales_scope" time="0.119" /></testsuite></testsuites>