<?xml version="1.0" encoding="utf-8"?><testsuites name="pytest tests"><testsuite name="pytest" errors="0" failures="0" skipped="0" tests="18" time="28.035" timestamp="2026-04-20T12:40:47.718923+00:00" hostname="agent-env-566755ec-d912-485f-abc3-0944dcd7f7f0"><testcase classname="backend.tests.test_modules_5_6.TestConstants" name="test_constants_include_module_5_6_keys" time="0.472" /><testcase classname="backend.tests.test_modules_5_6.TestBookingCreateValidation" name="test_400_without_final_deal_price" time="0.702" /><testcase classname="backend.tests.test_modules_5_6.TestBookingCreateValidation" name="test_400_amount_exceeds_final" time="0.344" /><testcase classname="backend.tests.test_modules_5_6.TestBookingCreateValidation" name="test_400_delivery_before_booking" time="0.314" /><testcase classname="backend.tests.test_modules_5_6.TestBookingCreateAndGet" name="test_create_success_auto_advances_and_timeline" time="0.704" /><testcase classname="backend.tests.test_modules_5_6.TestBookingCreateAndGet" name="test_duplicate_booking_rejected" time="0.408" /><testcase classname="backend.tests.test_modules_5_6.TestBookingRBACAndUpdate" name="test_cross_branch_sales_gets_403_on_get" time="0.768" /><testcase classname="backend.tests.test_modules_5_6.TestBookingRBACAndUpdate" name="test_admin_can_change_booking_date_and_status_sales_cannot" time="0.927" /><testcase classname="backend.tests.test_modules_5_6.TestBookingRBACAndUpdate" name="test_put_validates_amount_and_delivery_dates" time="0.544" /><testcase classname="backend.tests.test_modules_5_6.TestPayments" name="test_payment_validations_and_persistence" time="0.930" /><testcase classname="backend.tests.test_modules_5_6.TestConfirm" name="test_confirm_blocked_until_booking_amount_paid" time="0.882" /><testcase classname="backend.tests.test_modules_5_6.TestCancel" name="test_cancel_rbac" time="0.579" /><testcase classname="backend.tests.test_modules_5_6.TestAllotment" name="test_allotment_requires_confirmed" time="0.418" /><testcase classname="backend.tests.test_modules_5_6.TestAllotment" name="test_allotment_success_advances_stage_and_duplicates_rejected" time="16.294" /><testcase classname="backend.tests.test_modules_5_6.TestAllotment" name="test_chassis_unique_across_system_case_insensitive" time="1.475" /><testcase classname="backend.tests.test_modules_5_6.TestAllotmentUpdate" name="test_put_allotment_admin_only_and_status_validation" time="1.851" /><testcase classname="backend.tests.test_modules_5_6.TestRegression" name="test_auth_me_and_leads_list" time="0.228" /><testcase classname="backend.tests.test_modules_5_6.TestRegression" name="test_analytics_summary_still_works" time="0.122" /></testsuite></testsuites>