<?xml version="1.0" encoding="utf-8"?><testsuites name="pytest tests"><testsuite name="pytest" errors="0" failures="0" skipped="0" tests="18" time="6.144" timestamp="2026-04-22T09:55:56.157881+00:00" hostname="agent-env-264a7bed-6159-4364-8a22-f7ed87bc8d53"><testcase classname="backend.tests.test_iter12_p0.TestIntegrationsGet" name="test_super_admin_get_ok" time="0.506" /><testcase classname="backend.tests.test_iter12_p0.TestIntegrationsGet" name="test_admin_get_ok" time="0.444" /><testcase classname="backend.tests.test_iter12_p0.TestIntegrationsGet" name="test_sales_get_forbidden" time="0.453" /><testcase classname="backend.tests.test_iter12_p0.TestIntegrationsPut" name="test_admin_put_forbidden" time="0.124" /><testcase classname="backend.tests.test_iter12_p0.TestIntegrationsPut" name="test_super_put_ok_and_masked_key" time="0.246" /><testcase classname="backend.tests.test_iter12_p0.TestAnalyticsDateRange" name="test_summary_with_future_range_zero" time="0.112" /><testcase classname="backend.tests.test_iter12_p0.TestAnalyticsDateRange" name="test_summary_broad_range_matches_unfiltered" time="0.114" /><testcase classname="backend.tests.test_iter12_p0.TestAnalyticsDateRange" name="test_performance_date_range" time="0.164" /><testcase classname="backend.tests.test_iter12_p0.TestAnalyticsDateRange" name="test_performance_sales_forbidden" time="0.102" /><testcase classname="backend.tests.test_iter12_p0.TestExchangePhotos" name="test_upload_each_doc_type[aadhaar-aadhaar]" time="0.607" /><testcase classname="backend.tests.test_iter12_p0.TestExchangePhotos" name="test_upload_each_doc_type[rc_book-rc_book]" time="0.346" /><testcase classname="backend.tests.test_iter12_p0.TestExchangePhotos" name="test_upload_each_doc_type[front_photo-front_photo]" time="0.341" /><testcase classname="backend.tests.test_iter12_p0.TestExchangePhotos" name="test_upload_each_doc_type[back_photo-back_photo]" time="0.339" /><testcase classname="backend.tests.test_iter12_p0.TestExchangePhotos" name="test_upload_default_goes_to_photos" time="0.353" /><testcase classname="backend.tests.test_iter12_p0.TestExchangePhotos" name="test_delete_from_bucket_and_marks_file" time="0.465" /><testcase classname="backend.tests.test_iter12_p0.TestExchangePhotos" name="test_delete_from_photos" time="0.480" /><testcase classname="backend.tests.test_iter12_p0.TestLostReasonEnforcement" name="test_stage_lost_without_reason_400" time="0.403" /><testcase classname="backend.tests.test_iter12_p0.TestAutoBranchSales" name="test_sales_branch_ignored_and_auto_assigned" time="0.458" /></testsuite></testsuites>