<?xml version="1.0" encoding="utf-8"?><testsuites name="pytest tests"><testsuite name="pytest" errors="0" failures="0" skipped="0" tests="8" time="1.656" timestamp="2026-04-28T07:15:14.300196+00:00" hostname="agent-env-264a7bed-6159-4364-8a22-f7ed87bc8d53"><testcase classname="backend.tests.test_iter19_customer_type.TestConstantsCustomerTypes" name="test_constants_have_customer_types" time="0.518" /><testcase classname="backend.tests.test_iter19_customer_type.TestLeadCreateCustomerType" name="test_just_inquiry_starts_at_followup" time="0.131" /><testcase classname="backend.tests.test_iter19_customer_type.TestLeadCreateCustomerType" name="test_instant_buyer_starts_at_inquiry" time="0.113" /><testcase classname="backend.tests.test_iter19_customer_type.TestLeadCreateCustomerType" name="test_token_finance_buyer_starts_at_inquiry" time="0.114" /><testcase classname="backend.tests.test_iter19_customer_type.TestLeadCreateCustomerType" name="test_invalid_customer_type_rejected" time="0.050" /><testcase classname="backend.tests.test_iter19_customer_type.TestLeadCreateCustomerType" name="test_omitted_customer_type_defaults_inquiry" time="0.056" /><testcase classname="backend.tests.test_iter19_customer_type.TestLeadCreateCustomerType" name="test_empty_customer_type_defaults_inquiry" time="0.057" /><testcase classname="backend.tests.test_iter19_customer_type.TestZCleanup" name="test_cleanup_created_leads" time="0.554" /></testsuite></testsuites>