<?xml version="1.0" encoding="utf-8"?><testsuites name="pytest tests"><testsuite name="pytest" errors="0" failures="0" skipped="0" tests="12" time="4.610" timestamp="2026-04-22T10:45:12.042496+00:00" hostname="agent-env-264a7bed-6159-4364-8a22-f7ed87bc8d53"><testcase classname="backend.tests.test_iter14_exchange_docs.TestOtherBucket" name="test_upload_other_image" time="1.075" /><testcase classname="backend.tests.test_iter14_exchange_docs.TestOtherBucket" name="test_upload_other_pdf" time="0.300" /><testcase classname="backend.tests.test_iter14_exchange_docs.TestOtherBucket" name="test_other_multi_append" time="0.535" /><testcase classname="backend.tests.test_iter14_exchange_docs" name="test_regression_doc_type_routing[aadhaar-bucket_path0]" time="0.314" /><testcase classname="backend.tests.test_iter14_exchange_docs" name="test_regression_doc_type_routing[rc_book-bucket_path1]" time="0.266" /><testcase classname="backend.tests.test_iter14_exchange_docs" name="test_regression_doc_type_routing[front_photo-bucket_path2]" time="0.288" /><testcase classname="backend.tests.test_iter14_exchange_docs" name="test_regression_doc_type_routing[back_photo-bucket_path3]" time="0.316" /><testcase classname="backend.tests.test_iter14_exchange_docs" name="test_regression_default_photo_bucket" time="0.272" /><testcase classname="backend.tests.test_iter14_exchange_docs" name="test_invalid_doc_type_falls_back_to_photo" time="0.375" /><testcase classname="backend.tests.test_iter14_exchange_docs" name="test_delete_from_other_bucket" time="0.405" /><testcase classname="backend.tests.test_iter14_exchange_docs" name="test_delete_from_aadhaar_bucket" time="0.335" /><testcase classname="backend.tests.test_iter14_exchange_docs" name="test_delete_nonexistent_returns_ok_false" time="0.048" /></testsuite></testsuites>