<?xml version="1.0" encoding="utf-8"?><testsuites name="pytest tests"><testsuite name="pytest" errors="0" failures="0" skipped="0" tests="11" time="4.359" timestamp="2026-04-22T10:55:06.936907+00:00" hostname="agent-env-264a7bed-6159-4364-8a22-f7ed87bc8d53"><testcase classname="backend.tests.test_iter15_aadhaar_back.TestAadhaarBackBucket" name="test_upload_aadhaar_back_image" time="1.039" /><testcase classname="backend.tests.test_iter15_aadhaar_back.TestAadhaarBackBucket" name="test_upload_aadhaar_back_pdf" time="0.308" /><testcase classname="backend.tests.test_iter15_aadhaar_back.TestAadhaarBackBucket" name="test_aadhaar_and_aadhaar_back_are_separate_buckets" time="0.545" /><testcase classname="backend.tests.test_iter15_aadhaar_back" name="test_regression_doc_type_routing[aadhaar]" time="0.285" /><testcase classname="backend.tests.test_iter15_aadhaar_back" name="test_regression_doc_type_routing[rc_book]" time="0.307" /><testcase classname="backend.tests.test_iter15_aadhaar_back" name="test_regression_doc_type_routing[front_photo]" time="0.301" /><testcase classname="backend.tests.test_iter15_aadhaar_back" name="test_regression_doc_type_routing[back_photo]" time="0.299" /><testcase classname="backend.tests.test_iter15_aadhaar_back" name="test_regression_doc_type_routing[other]" time="0.320" /><testcase classname="backend.tests.test_iter15_aadhaar_back" name="test_regression_default_photo_bucket" time="0.308" /><testcase classname="backend.tests.test_iter15_aadhaar_back" name="test_invalid_doc_type_falls_back_to_photo" time="0.223" /><testcase classname="backend.tests.test_iter15_aadhaar_back" name="test_delete_from_aadhaar_back_bucket" time="0.363" /></testsuite></testsuites>