<?xml version="1.0" encoding="utf-8"?><testsuites name="pytest tests"><testsuite name="pytest" errors="0" failures="0" skipped="0" tests="7" time="1.998" timestamp="2026-04-21T12:57:07.901535+00:00" hostname="agent-env-264a7bed-6159-4364-8a22-f7ed87bc8d53"><testcase classname="backend.tests.test_iter11_compliance" name="test_branches_has_5_expected" time="0.550" /><testcase classname="backend.tests.test_iter11_compliance" name="test_wa_templates_defaults" time="0.115" /><testcase classname="backend.tests.test_iter11_compliance" name="test_automation_rules_defaults" time="0.128" /><testcase classname="backend.tests.test_iter11_compliance" name="test_followup_call_recording_fields" time="0.287" /><testcase classname="backend.tests.test_iter11_compliance" name="test_lead_registration_put_get" time="0.573" /><testcase classname="backend.tests.test_iter11_compliance" name="test_pwa_manifest_200" time="0.148" /><testcase classname="backend.tests.test_iter11_compliance" name="test_pwa_service_worker_200" time="0.138" /></testsuite></testsuites>