<?xml version="1.0" encoding="utf-8"?><testsuites name="pytest tests"><testsuite name="pytest" errors="0" failures="0" skipped="0" tests="15" time="3.924" timestamp="2026-04-22T10:16:25.362337+00:00" hostname="agent-env-264a7bed-6159-4364-8a22-f7ed87bc8d53"><testcase classname="backend.tests.test_iter13_calendar.TestCalendarSchema" name="test_super_admin_200" time="1.334" /><testcase classname="backend.tests.test_iter13_calendar.TestCalendarSchema" name="test_admin_200" time="0.141" /><testcase classname="backend.tests.test_iter13_calendar.TestCalendarSchema" name="test_sales_200" time="0.144" /><testcase classname="backend.tests.test_iter13_calendar.TestCalendarSchema" name="test_current_month" time="0.118" /><testcase classname="backend.tests.test_iter13_calendar.TestCalendarValidation" name="test_invalid_range_400[2023-5]" time="0.102" /><testcase classname="backend.tests.test_iter13_calendar.TestCalendarValidation" name="test_invalid_range_400[2036-5]" time="0.112" /><testcase classname="backend.tests.test_iter13_calendar.TestCalendarValidation" name="test_invalid_range_400[2026-0]" time="0.162" /><testcase classname="backend.tests.test_iter13_calendar.TestCalendarValidation" name="test_invalid_range_400[2026-13]" time="0.106" /><testcase classname="backend.tests.test_iter13_calendar.TestCalendarValidation" name="test_missing_params_422" time="0.113" /><testcase classname="backend.tests.test_iter13_calendar.TestCalendarValidation" name="test_unauth_401" time="0.144" /><testcase classname="backend.tests.test_iter13_calendar.TestCalendarScoping" name="test_super_admin_branch_filter_accepted" time="0.271" /><testcase classname="backend.tests.test_iter13_calendar.TestCalendarScoping" name="test_sales_scope_only_own_leads" time="0.464" /><testcase classname="backend.tests.test_iter13_calendar.TestCalendarScoping" name="test_admin_scope_own_branch" time="0.437" /><testcase classname="backend.tests.test_iter13_calendar.TestCalendarBucketing" name="test_buckets_are_lists_of_dicts" time="0.104" /><testcase classname="backend.tests.test_iter13_calendar.TestCalendarBucketing" name="test_no_cross_month_leakage" time="0.109" /></testsuite></testsuites>