<?xml version="1.0" encoding="utf-8"?><testsuites name="pytest tests"><testsuite name="pytest" errors="0" failures="0" skipped="0" tests="13" time="4.569" timestamp="2026-04-21T12:16:19.930626+00:00" hostname="agent-env-264a7bed-6159-4364-8a22-f7ed87bc8d53"><testcase classname="backend.tests.test_iter10_rbac.TestUsersRBAC" name="test_admin_can_still_list_users" time="0.497" /><testcase classname="backend.tests.test_iter10_rbac.TestUsersRBAC" name="test_admin_cannot_create_user" time="0.115" /><testcase classname="backend.tests.test_iter10_rbac.TestUsersRBAC" name="test_admin_cannot_update_user" time="0.259" /><testcase classname="backend.tests.test_iter10_rbac.TestUsersRBAC" name="test_admin_cannot_delete_user" time="0.234" /><testcase classname="backend.tests.test_iter10_rbac.TestUsersRBAC" name="test_super_admin_can_create_and_delete_user" time="0.899" /><testcase classname="backend.tests.test_iter10_rbac.TestAuditLogsRBAC" name="test_admin_cannot_access_audit_logs" time="0.099" /><testcase classname="backend.tests.test_iter10_rbac.TestAuditLogsRBAC" name="test_super_admin_can_access_audit_logs" time="0.110" /><testcase classname="backend.tests.test_iter10_rbac.TestBranchFilteredAnalytics" name="test_summary_super_admin_branch_filter" time="0.611" /><testcase classname="backend.tests.test_iter10_rbac.TestBranchFilteredAnalytics" name="test_summary_admin_pinned_to_own_branch" time="0.504" /><testcase classname="backend.tests.test_iter10_rbac.TestBranchFilteredAnalytics" name="test_performance_super_admin_branch_filter" time="0.345" /><testcase classname="backend.tests.test_iter10_rbac.TestLeadReminderPersistence" name="test_put_lead_saves_next_followup_fields" time="0.324" /><testcase classname="backend.tests.test_iter10_rbac.TestGlobalSearchScoping" name="test_admin_search_scoped_to_own_branch" time="0.220" /><testcase classname="backend.tests.test_iter10_rbac.TestGlobalSearchScoping" name="test_super_admin_search_unscoped" time="0.274" /></testsuite></testsuites>