<?xml version="1.0" encoding="utf-8"?><testsuites name="pytest tests"><testsuite name="pytest" errors="0" failures="0" skipped="0" tests="18" time="12.839" timestamp="2026-04-22T11:29:51.271595+00:00" hostname="agent-env-264a7bed-6159-4364-8a22-f7ed87bc8d53"><testcase classname="backend.tests.test_iter16_kyc_split.TestIdentityRouting" name="test_aadhaar_routes_to_identity_docs" time="0.972" /><testcase classname="backend.tests.test_iter16_kyc_split.TestIdentityRouting" name="test_aadhaar_back_routes_to_identity_docs" time="0.649" /><testcase classname="backend.tests.test_iter16_kyc_split.TestIdentityRouting" name="test_other_routes_to_identity_docs" time="0.464" /><testcase classname="backend.tests.test_iter16_kyc_split.TestExchangeRouting" name="test_exchange_doc_buckets[rc_front]" time="0.488" /><testcase classname="backend.tests.test_iter16_kyc_split.TestExchangeRouting" name="test_exchange_doc_buckets[rc_back]" time="0.468" /><testcase classname="backend.tests.test_iter16_kyc_split.TestExchangeRouting" name="test_exchange_doc_buckets[front_photo]" time="0.484" /><testcase classname="backend.tests.test_iter16_kyc_split.TestExchangeRouting" name="test_exchange_doc_buckets[back_photo]" time="0.576" /><testcase classname="backend.tests.test_iter16_kyc_split.TestExchangeRouting" name="test_rc_pdf_bucket" time="0.493" /><testcase classname="backend.tests.test_iter16_kyc_split.TestDeleteTransparent" name="test_delete_from_identity" time="0.636" /><testcase classname="backend.tests.test_iter16_kyc_split.TestDeleteTransparent" name="test_delete_from_exchange_docs" time="0.568" /><testcase classname="backend.tests.test_iter16_kyc_split.TestStageGate" name="test_inquiry_to_lost_no_kyc" time="0.225" /><testcase classname="backend.tests.test_iter16_kyc_split.TestStageGate" name="test_inquiry_stage_no_kyc" time="0.240" /><testcase classname="backend.tests.test_iter16_kyc_split.TestStageGate" name="test_followup_blocked_no_kyc" time="0.365" /><testcase classname="backend.tests.test_iter16_kyc_split.TestStageGate" name="test_followup_blocked_only_back_missing" time="0.471" /><testcase classname="backend.tests.test_iter16_kyc_split.TestStageGate" name="test_followup_passes_with_full_kyc_new" time="1.000" /><testcase classname="backend.tests.test_iter16_kyc_split.TestStageGate" name="test_exchange_followup_blocked_missing_rc" time="0.806" /><testcase classname="backend.tests.test_iter16_kyc_split.TestStageGate" name="test_exchange_followup_passes_full" time="2.427" /><testcase classname="backend.tests.test_iter16_kyc_split.TestPurchaseTypeSwitch" name="test_switch_wipes_exchange_keeps_identity" time="1.416" /></testsuite></testsuites>